#
# A fatal error has been detected by the Java Runtime Environment:
#
#  EXCEPTION_ACCESS_VIOLATION (0xc0000005) at pc=0x000000005da424ab, pid=4860, tid=7124
#
# JRE version: Java(TM) SE Runtime Environment (7.0_45-b18) (build 1.7.0_45-b18)
# Java VM: Java HotSpot(TM) 64-Bit Server VM (24.45-b08 mixed mode windows-amd64 compressed oops)
# Problematic frame:
# V  [jvm.dll+0x1424ab]
#
# Failed to write core dump. Minidumps are not enabled by default on client versions of Windows
#
# If you would like to submit a bug report, please visit:
#   http://bugreport.sun.com/bugreport/crash.jsp
#

---------------  T H R E A D  ---------------

Current thread (0x00000000072ea000):  JavaThread "JDWP Transport Listener: dt_socket" daemon [_thread_in_vm, id=7124, stack(0x0000000008b30000,0x0000000008c30000)]

siginfo: ExceptionCode=0xc0000005, reading address 0xffffffffffffffff

Registers:
RAX=0xfefefefefefefefe, RBX=0x082298e00822f8e0, RCX=0x00000000e03e003b, RDX=0x0000000000000000
RSP=0x0000000008c2f110, RBP=0x00000000e03e003b, RSI=0x0000000008c2f228, RDI=0x00000000025a9540
R8 =0x00000000072ea000, R9 =0x0000000009263f40, R10=0x00007ffbc6a50000, R11=0x0000000009d463d2
R12=0x0000000000000000, R13=0x00000000072e2678, R14=0x0000000000000000, R15=0x0000000000000000
RIP=0x000000005da424ab, EFLAGS=0x0000000000010202

Top of Stack: (sp=0x0000000008c2f110)
0x0000000008c2f110:   00000000072ea000 000000000000000b
0x0000000008c2f120:   0000000008c2f1d8 000000005dbe1039
0x0000000008c2f130:   00000000072ea000 000000005dbfebe2
0x0000000008c2f140:   0000000000000000 000000005d8d8e89
0x0000000008c2f150:   0000000009dd9b48 000000005d8e265a
0x0000000008c2f160:   00000000072ea000 0000000000000000
0x0000000008c2f170:   0000000000000000 0000000000000000
0x0000000008c2f180:   00000000e03e003b 000000005d8e1751
0x0000000008c2f190:   0000000008c2f228 0000000008c2f200
0x0000000008c2f1a0:   0000000000000001 0000000009dd9b48
0x0000000008c2f1b0:   00000000e03e003b 000000005d8c53b3
0x0000000008c2f1c0:   0000000008c2f2f0 0000000000000001
0x0000000008c2f1d0:   0000000000000001 0000000009dd9b48
0x0000000008c2f1e0:   0000000000000001 0000000000000000
0x0000000008c2f1f0:   0000000000000000 0000000000000000
0x0000000008c2f200:   0000000000000001 000000005d8c5571 

Instructions: (pc=0x000000005da424ab)
0x000000005da4248b:   48 8b 19 48 85 db 74 4c 48 b8 fe fe fe fe fe fe
0x000000005da4249b:   fe fe 48 3b d8 74 3d 80 3d 8f 87 60 00 00 74 15
0x000000005da424ab:   8b 43 08 8b 0d 04 94 5a 00 48 d3 e0 48 03 05 f2
0x000000005da424bb:   93 5a 00 eb 04 48 8b 43 08 48 8b 50 10 48 8d 48 


Register to memory mapping:

RAX=0xfefefefefefefefe is an unknown value
RBX=0x082298e00822f8e0 is an unknown value
RCX=0x00000000e03e003b is pointing into object: 0x00000000e03e0018
[Ljava.lang.reflect.Method; 
 - klass: 'java/lang/reflect/Method'[]
 - length: 179
RDX=0x0000000000000000 is an unknown value
RSP=0x0000000008c2f110 is pointing into the stack for thread: 0x00000000072ea000
RBP=0x00000000e03e003b is pointing into object: 0x00000000e03e0018
[Ljava.lang.reflect.Method; 
 - klass: 'java/lang/reflect/Method'[]
 - length: 179
RSI=0x0000000008c2f228 is pointing into the stack for thread: 0x00000000072ea000
RDI=0x00000000025a9540 is an unknown value
R8 =0x00000000072ea000 is a thread
R9 =0x0000000009263f40 is an unknown value
R10=0x00007ffbc6a50000 is an unknown value
R11=0x0000000009d463d2 is an unknown value
R12=0x0000000000000000 is an unknown value
R13=0x00000000072e2678 is an unknown value
R14=0x0000000000000000 is an unknown value
R15=0x0000000000000000 is an unknown value


Stack: [0x0000000008b30000,0x0000000008c30000],  sp=0x0000000008c2f110,  free space=1020k
Native frames: (J=compiled Java code, j=interpreted, Vv=VM code, C=native code)
V  [jvm.dll+0x1424ab]


---------------  P R O C E S S  ---------------

Java Threads: ( => current thread )
  0x00000000093e8000 JavaThread "AWT-Windows" daemon [_thread_in_native, id=2144, stack(0x0000000009920000,0x0000000009a20000)]
  0x000000000932e000 JavaThread "Java2D Disposer" daemon [_thread_blocked, id=4504, stack(0x0000000009720000,0x0000000009820000)]
  0x000000000731f000 JavaThread "Service Thread" daemon [_thread_blocked, id=5772, stack(0x0000000009030000,0x0000000009130000)]
  0x0000000007316000 JavaThread "C2 CompilerThread1" daemon [_thread_blocked, id=420, stack(0x0000000008f30000,0x0000000009030000)]
  0x000000000730c000 JavaThread "C2 CompilerThread0" daemon [_thread_blocked, id=4840, stack(0x0000000008e30000,0x0000000008f30000)]
  0x00000000072fa800 JavaThread "JDWP Command Reader" daemon [_thread_in_native, id=4520, stack(0x0000000008d30000,0x0000000008e30000)]
  0x00000000072f7800 JavaThread "JDWP Event Helper Thread" daemon [_thread_blocked, id=4036, stack(0x0000000008c30000,0x0000000008d30000)]
=>0x00000000072ea000 JavaThread "JDWP Transport Listener: dt_socket" daemon [_thread_in_vm, id=7124, stack(0x0000000008b30000,0x0000000008c30000)]
  0x00000000072e3800 JavaThread "Attach Listener" daemon [_thread_blocked, id=992, stack(0x0000000008750000,0x0000000008850000)]
  0x00000000072e0800 JavaThread "Signal Dispatcher" daemon [_thread_blocked, id=6940, stack(0x0000000008650000,0x0000000008750000)]
  0x00000000072ab800 JavaThread "Finalizer" daemon [_thread_blocked, id=5660, stack(0x0000000008550000,0x0000000008650000)]
  0x00000000072a2800 JavaThread "Reference Handler" daemon [_thread_blocked, id=5668, stack(0x0000000008450000,0x0000000008550000)]
  0x00000000025ae000 JavaThread "Application Thread" [_thread_blocked, id=3080, stack(0x0000000002460000,0x0000000002560000)]

Other Threads:
  0x00000000072a0000 VMThread [stack: 0x0000000008350000,0x0000000008450000] [id=1812]
  0x000000000732a000 WatcherThread [stack: 0x0000000009130000,0x0000000009230000] [id=2332]

VM state:not at safepoint (normal execution)

VM Mutex/Monitor currently owned by a thread: None

Heap
 PSYoungGen      total 38400K, used 609K [0x00000000f5500000, 0x00000000f7f80000, 0x0000000100000000)
  eden space 33280K, 1% used [0x00000000f5500000,0x00000000f5598558,0x00000000f7580000)
  from space 5120K, 0% used [0x00000000f7580000,0x00000000f7580000,0x00000000f7a80000)
  to   space 5120K, 0% used [0x00000000f7a80000,0x00000000f7a80000,0x00000000f7f80000)
 ParOldGen       total 87040K, used 5260K [0x00000000e0000000, 0x00000000e5500000, 0x00000000f5500000)
  object space 87040K, 6% used [0x00000000e0000000,0x00000000e0523270,0x00000000e5500000)
 PSPermGen       total 21504K, used 19708K [0x00000000dae00000, 0x00000000dc300000, 0x00000000e0000000)
  object space 21504K, 91% used [0x00000000dae00000,0x00000000dc13f080,0x00000000dc300000)

Card table byte_map: [0x00000000057c0000,0x00000000058f0000] byte_map_base: 0x00000000050e9000

Polling page: 0x0000000000b50000

Code Cache  [0x0000000002700000, 0x0000000002970000, 0x0000000005700000)
 total_blobs=999 nmethods=643 adapters=317 free_code_cache=47063Kb largest_free_block=48138880

Compilation events (10 events):
Event: 32.516 Thread 0x000000000730c000 nmethod 648 0x00000000028cb810 code [0x00000000028cb940, 0x00000000028cb998]
Event: 32.793 Thread 0x0000000007316000 nmethod 646 0x00000000029008d0 code [0x0000000002901180, 0x000000000290a350]
Event: 33.295 Thread 0x000000000730c000  649             ga.Node::getRobot (5 bytes)
Event: 33.295 Thread 0x000000000730c000 nmethod 649 0x00000000028cb610 code [0x00000000028cb740, 0x00000000028cb798]
Event: 33.348 Thread 0x0000000007316000  650             ga.actions.ActionNode::evaluate (40 bytes)
Event: 33.348 Thread 0x000000000730c000  651             ga.actions.concrete.Fire::action (34 bytes)
Event: 33.586 Thread 0x000000000730c000 nmethod 651 0x00000000028e3fd0 code [0x00000000028e4200, 0x00000000028e5390]
Event: 33.627 Thread 0x0000000007316000 nmethod 650 0x00000000028deb10 code [0x00000000028dee40, 0x00000000028e12d8]
Event: 34.164 Thread 0x000000000730c000  652             ga.Node::getRobot (5 bytes)
Event: 34.164 Thread 0x000000000730c000 nmethod 652 0x00000000028dd1d0 code [0x00000000028dd300, 0x00000000028dd358]

GC Heap History (10 events):
Event: 34.720 GC heap before
{Heap before GC invocations=997 (full 498):
 PSYoungGen      total 38400K, used 0K [0x00000000f5500000, 0x00000000f7f80000, 0x0000000100000000)
  eden space 33280K, 0% used [0x00000000f5500000,0x00000000f5500000,0x00000000f7580000)
  from space 5120K, 0% used [0x00000000f7580000,0x00000000f7580000,0x00000000f7a80000)
  to   space 5120K, 0% used [0x00000000f7a80000,0x00000000f7a80000,0x00000000f7f80000)
 ParOldGen       total 87040K, used 5261K [0x00000000e0000000, 0x00000000e5500000, 0x00000000f5500000)
  object space 87040K, 6% used [0x00000000e0000000,0x00000000e0523418,0x00000000e5500000)
 PSPermGen       total 21504K, used 19091K [0x00000000dae00000, 0x00000000dc300000, 0x00000000e0000000)
  object space 21504K, 88% used [0x00000000dae00000,0x00000000dc0a4c50,0x00000000dc300000)
Event: 34.758 GC heap after
Heap after GC invocations=997 (full 498):
 PSYoungGen      total 38400K, used 0K [0x00000000f5500000, 0x00000000f7f80000, 0x0000000100000000)
  eden space 33280K, 0% used [0x00000000f5500000,0x00000000f5500000,0x00000000f7580000)
  from space 5120K, 0% used [0x00000000f7580000,0x00000000f7580000,0x00000000f7a80000)
  to   space 5120K, 0% used [0x00000000f7a80000,0x00000000f7a80000,0x00000000f7f80000)
 ParOldGen       total 87040K, used 5261K [0x00000000e0000000, 0x00000000e5500000, 0x00000000f5500000)
  object space 87040K, 6% used [0x00000000e0000000,0x00000000e0523418,0x00000000e5500000)
 PSPermGen       total 21504K, used 19091K [0x00000000dae00000, 0x00000000dc300000, 0x00000000e0000000)
  object space 21504K, 88% used [0x00000000dae00000,0x00000000dc0a4c50,0x00000000dc300000)
}
Event: 34.761 GC heap before
{Heap before GC invocations=998 (full 498):
 PSYoungGen      total 38400K, used 0K [0x00000000f5500000, 0x00000000f7f80000, 0x0000000100000000)
  eden space 33280K, 0% used [0x00000000f5500000,0x00000000f5500000,0x00000000f7580000)
  from space 5120K, 0% used [0x00000000f7580000,0x00000000f7580000,0x00000000f7a80000)
  to   space 5120K, 0% used [0x00000000f7a80000,0x00000000f7a80000,0x00000000f7f80000)
 ParOldGen       total 87040K, used 5261K [0x00000000e0000000, 0x00000000e5500000, 0x00000000f5500000)
  object space 87040K, 6% used [0x00000000e0000000,0x00000000e0523418,0x00000000e5500000)
 PSPermGen       total 21504K, used 19091K [0x00000000dae00000, 0x00000000dc300000, 0x00000000e0000000)
  object space 21504K, 88% used [0x00000000dae00000,0x00000000dc0a4c50,0x00000000dc300000)
Event: 34.762 GC heap after
Heap after GC invocations=998 (full 498):
 PSYoungGen      total 38400K, used 0K [0x00000000f5500000, 0x00000000f7f80000, 0x0000000100000000)
  eden space 33280K, 0% used [0x00000000f5500000,0x00000000f5500000,0x00000000f7580000)
  from space 5120K, 0% used [0x00000000f7a80000,0x00000000f7a80000,0x00000000f7f80000)
  to   space 5120K, 0% used [0x00000000f7580000,0x00000000f7580000,0x00000000f7a80000)
 ParOldGen       total 87040K, used 5261K [0x00000000e0000000, 0x00000000e5500000, 0x00000000f5500000)
  object space 87040K, 6% used [0x00000000e0000000,0x00000000e0523418,0x00000000e5500000)
 PSPermGen       total 21504K, used 19091K [0x00000000dae00000, 0x00000000dc300000, 0x00000000e0000000)
  object space 21504K, 88% used [0x00000000dae00000,0x00000000dc0a4c50,0x00000000dc300000)
}
Event: 34.762 GC heap before
{Heap before GC invocations=999 (full 499):
 PSYoungGen      total 38400K, used 0K [0x00000000f5500000, 0x00000000f7f80000, 0x0000000100000000)
  eden space 33280K, 0% used [0x00000000f5500000,0x00000000f5500000,0x00000000f7580000)
  from space 5120K, 0% used [0x00000000f7a80000,0x00000000f7a80000,0x00000000f7f80000)
  to   space 5120K, 0% used [0x00000000f7580000,0x00000000f7580000,0x00000000f7a80000)
 ParOldGen       total 87040K, used 5261K [0x00000000e0000000, 0x00000000e5500000, 0x00000000f5500000)
  object space 87040K, 6% used [0x00000000e0000000,0x00000000e0523418,0x00000000e5500000)
 PSPermGen       total 21504K, used 19091K [0x00000000dae00000, 0x00000000dc300000, 0x00000000e0000000)
  object space 21504K, 88% used [0x00000000dae00000,0x00000000dc0a4c50,0x00000000dc300000)
Event: 34.800 GC heap after
Heap after GC invocations=999 (full 499):
 PSYoungGen      total 38400K, used 0K [0x00000000f5500000, 0x00000000f7f80000, 0x0000000100000000)
  eden space 33280K, 0% used [0x00000000f5500000,0x00000000f5500000,0x00000000f7580000)
  from space 5120K, 0% used [0x00000000f7a80000,0x00000000f7a80000,0x00000000f7f80000)
  to   space 5120K, 0% used [0x00000000f7580000,0x00000000f7580000,0x00000000f7a80000)
 ParOldGen       total 87040K, used 5260K [0x00000000e0000000, 0x00000000e5500000, 0x00000000f5500000)
  object space 87040K, 6% used [0x00000000e0000000,0x00000000e0523270,0x00000000e5500000)
 PSPermGen       total 21504K, used 19091K [0x00000000dae00000, 0x00000000dc300000, 0x00000000e0000000)
  object space 21504K, 88% used [0x00000000dae00000,0x00000000dc0a4c50,0x00000000dc300000)
}
Event: 34.800 GC heap before
{Heap before GC invocations=1000 (full 499):
 PSYoungGen      total 38400K, used 0K [0x00000000f5500000, 0x00000000f7f80000, 0x0000000100000000)
  eden space 33280K, 0% used [0x00000000f5500000,0x00000000f5500000,0x00000000f7580000)
  from space 5120K, 0% used [0x00000000f7a80000,0x00000000f7a80000,0x00000000f7f80000)
  to   space 5120K, 0% used [0x00000000f7580000,0x00000000f7580000,0x00000000f7a80000)
 ParOldGen       total 87040K, used 5260K [0x00000000e0000000, 0x00000000e5500000, 0x00000000f5500000)
  object space 87040K, 6% used [0x00000000e0000000,0x00000000e0523270,0x00000000e5500000)
 PSPermGen       total 21504K, used 19091K [0x00000000dae00000, 0x00000000dc300000, 0x00000000e0000000)
  object space 21504K, 88% used [0x00000000dae00000,0x00000000dc0a4c50,0x00000000dc300000)
Event: 34.801 GC heap after
Heap after GC invocations=1000 (full 499):
 PSYoungGen      total 38400K, used 0K [0x00000000f5500000, 0x00000000f7f80000, 0x0000000100000000)
  eden space 33280K, 0% used [0x00000000f5500000,0x00000000f5500000,0x00000000f7580000)
  from space 5120K, 0% used [0x00000000f7580000,0x00000000f7580000,0x00000000f7a80000)
  to   space 5120K, 0% used [0x00000000f7a80000,0x00000000f7a80000,0x00000000f7f80000)
 ParOldGen       total 87040K, used 5260K [0x00000000e0000000, 0x00000000e5500000, 0x00000000f5500000)
  object space 87040K, 6% used [0x00000000e0000000,0x00000000e0523270,0x00000000e5500000)
 PSPermGen       total 21504K, used 19091K [0x00000000dae00000, 0x00000000dc300000, 0x00000000e0000000)
  object space 21504K, 88% used [0x00000000dae00000,0x00000000dc0a4c50,0x00000000dc300000)
}
Event: 34.801 GC heap before
{Heap before GC invocations=1001 (full 500):
 PSYoungGen      total 38400K, used 0K [0x00000000f5500000, 0x00000000f7f80000, 0x0000000100000000)
  eden space 33280K, 0% used [0x00000000f5500000,0x00000000f5500000,0x00000000f7580000)
  from space 5120K, 0% used [0x00000000f7580000,0x00000000f7580000,0x00000000f7a80000)
  to   space 5120K, 0% used [0x00000000f7a80000,0x00000000f7a80000,0x00000000f7f80000)
 ParOldGen       total 87040K, used 5260K [0x00000000e0000000, 0x00000000e5500000, 0x00000000f5500000)
  object space 87040K, 6% used [0x00000000e0000000,0x00000000e0523270,0x00000000e5500000)
 PSPermGen       total 21504K, used 19091K [0x00000000dae00000, 0x00000000dc300000, 0x00000000e0000000)
  object space 21504K, 88% used [0x00000000dae00000,0x00000000dc0a4c50,0x00000000dc300000)
Event: 34.839 GC heap after
Heap after GC invocations=1001 (full 500):
 PSYoungGen      total 38400K, used 0K [0x00000000f5500000, 0x00000000f7f80000, 0x0000000100000000)
  eden space 33280K, 0% used [0x00000000f5500000,0x00000000f5500000,0x00000000f7580000)
  from space 5120K, 0% used [0x00000000f7580000,0x00000000f7580000,0x00000000f7a80000)
  to   space 5120K, 0% used [0x00000000f7a80000,0x00000000f7a80000,0x00000000f7f80000)
 ParOldGen       total 87040K, used 5260K [0x00000000e0000000, 0x00000000e5500000, 0x00000000f5500000)
  object space 87040K, 6% used [0x00000000e0000000,0x00000000e0523270,0x00000000e5500000)
 PSPermGen       total 21504K, used 19091K [0x00000000dae00000, 0x00000000dc300000, 0x00000000e0000000)
  object space 21504K, 88% used [0x00000000dae00000,0x00000000dc0a4c50,0x00000000dc300000)
}

Deoptimization events (10 events):
Event: 32.851 Thread 0x000000000a353000 Uncommon trap: reason=unhandled action=none pc=0x0000000002806bfc method=net.sf.robocode.battle.peer.RobotPeer.executeImpl(Lnet/sf/robocode/peer/ExecCommands;)Lnet/sf/robocode/peer/ExecResults; @ 97
Event: 32.855 Thread 0x000000000a352800 Uncommon trap: reason=unhandled action=none pc=0x0000000002806948 method=net.sf.robocode.battle.peer.RobotPeer.executeImpl(Lnet/sf/robocode/peer/ExecCommands;)Lnet/sf/robocode/peer/ExecResults; @ 124
Event: 33.360 Thread 0x000000000a352800 Uncommon trap: reason=unhandled action=none pc=0x0000000002806bfc method=net.sf.robocode.battle.peer.RobotPeer.executeImpl(Lnet/sf/robocode/peer/ExecCommands;)Lnet/sf/robocode/peer/ExecResults; @ 97
Event: 33.365 Thread 0x000000000a351800 Uncommon trap: reason=unhandled action=none pc=0x0000000002806948 method=net.sf.robocode.battle.peer.RobotPeer.executeImpl(Lnet/sf/robocode/peer/ExecCommands;)Lnet/sf/robocode/peer/ExecResults; @ 124
Event: 33.680 Thread 0x000000000a351800 Uncommon trap: reason=unhandled action=none pc=0x0000000002806bfc method=net.sf.robocode.battle.peer.RobotPeer.executeImpl(Lnet/sf/robocode/peer/ExecCommands;)Lnet/sf/robocode/peer/ExecResults; @ 97
Event: 33.684 Thread 0x000000000a352800 Uncommon trap: reason=unhandled action=none pc=0x0000000002806948 method=net.sf.robocode.battle.peer.RobotPeer.executeImpl(Lnet/sf/robocode/peer/ExecCommands;)Lnet/sf/robocode/peer/ExecResults; @ 124
Event: 34.219 Thread 0x000000000a352800 Uncommon trap: reason=unhandled action=none pc=0x0000000002806bfc method=net.sf.robocode.battle.peer.RobotPeer.executeImpl(Lnet/sf/robocode/peer/ExecCommands;)Lnet/sf/robocode/peer/ExecResults; @ 97
Event: 34.224 Thread 0x000000000a351800 Uncommon trap: reason=unhandled action=none pc=0x0000000002806948 method=net.sf.robocode.battle.peer.RobotPeer.executeImpl(Lnet/sf/robocode/peer/ExecCommands;)Lnet/sf/robocode/peer/ExecResults; @ 124
Event: 34.492 Thread 0x000000000a352800 Uncommon trap: reason=unhandled action=none pc=0x0000000002806bfc method=net.sf.robocode.battle.peer.RobotPeer.executeImpl(Lnet/sf/robocode/peer/ExecCommands;)Lnet/sf/robocode/peer/ExecResults; @ 97
Event: 34.495 Thread 0x000000000a351800 Uncommon trap: reason=unhandled action=none pc=0x0000000002806948 method=net.sf.robocode.battle.peer.RobotPeer.executeImpl(Lnet/sf/robocode/peer/ExecCommands;)Lnet/sf/robocode/peer/ExecResults; @ 124

Internal exceptions (10 events):
Event: 34.430 Thread 0x00000000025ae000 Threw 0x00000000f5502c08 at C:\re\jdk7u45\229\hotspot\src\share\vm\prims\jni.cpp:717
Event: 34.469 Thread 0x000000000a351800 Threw 0x00000000f571fe08 at C:\re\jdk7u45\229\hotspot\src\share\vm\prims\jni.cpp:1632
Event: 34.473 Thread 0x000000000a351800 Threw 0x00000000f5743d70 at C:\re\jdk7u45\229\hotspot\src\share\vm\prims\jni.cpp:1632
Event: 34.477 Thread 0x000000000a351800 Threw 0x00000000f574b9b0 at C:\re\jdk7u45\229\hotspot\src\share\vm\prims\jni.cpp:1632
Event: 34.477 Thread 0x000000000a351800 Threw 0x00000000f5752b68 at C:\re\jdk7u45\229\hotspot\src\share\vm\prims\jni.cpp:1632
Event: 34.478 Thread 0x000000000a351800 Threw 0x00000000f5758ed0 at C:\re\jdk7u45\229\hotspot\src\share\vm\prims\jni.cpp:1632
Event: 34.480 Thread 0x000000000a351800 Threw 0x00000000f5772e00 at C:\re\jdk7u45\229\hotspot\src\share\vm\prims\jni.cpp:1632
Event: 34.482 Thread 0x000000000a351800 Threw 0x00000000f577b4a8 at C:\re\jdk7u45\229\hotspot\src\share\vm\prims\jni.cpp:1632
Event: 34.483 Thread 0x000000000a351800 Threw 0x00000000f5782f88 at C:\re\jdk7u45\229\hotspot\src\share\vm\prims\jni.cpp:1632
Event: 66.425 Thread 0x00000000025ae000 Threw 0x00000000f5500608 at C:\re\jdk7u45\229\hotspot\src\share\vm\prims\jvm.cpp:1244

Events (10 events):
Event: 1039.873 Executing VM operation: GetCurrentLocation
Event: 1039.873 Executing VM operation: GetCurrentLocation done
Event: 1039.873 Executing VM operation: EnterInterpOnlyMode
Event: 1039.873 Executing VM operation: EnterInterpOnlyMode done
Event: 1039.873 Executing VM operation: ChangeSingleStep
Event: 1039.873 Executing VM operation: ChangeSingleStep done
Event: 1039.874 Executing VM operation: ChangeSingleStep
Event: 1039.874 Executing VM operation: ChangeSingleStep done
Event: 1039.892 Executing VM operation: RedefineClasses
Event: 1039.916 Executing VM operation: RedefineClasses done


Dynamic libraries:
0x00007ff741560000 - 0x00007ff741593000 	C:\Program Files\Java\jre7\bin\javaw.exe
0x00007ffbc6a50000 - 0x00007ffbc6bf9000 	C:\Windows\SYSTEM32\ntdll.dll
0x00007ffbc6910000 - 0x00007ffbc6a4a000 	C:\Windows\system32\KERNEL32.DLL
0x00007ffbc41d0000 - 0x00007ffbc42df000 	C:\Windows\system32\KERNELBASE.dll
0x00007ffbc1f90000 - 0x00007ffbc201b000 	C:\Windows\system32\apphelp.dll
0x00007ffbc4490000 - 0x00007ffbc4535000 	C:\Windows\system32\ADVAPI32.dll
0x00007ffbc6090000 - 0x00007ffbc6201000 	C:\Windows\system32\USER32.dll
0x00007ffbc3910000 - 0x00007ffbc3b6a000 	C:\Windows\WinSxS\amd64_microsoft.windows.common-controls_6595b64144ccf1df_6.0.9600.16384_none_62475f7becb72503\COMCTL32.dll
0x00007ffbc6400000 - 0x00007ffbc64a7000 	C:\Windows\system32\msvcrt.dll
0x00007ffbc46c0000 - 0x00007ffbc4717000 	C:\Windows\SYSTEM32\sechost.dll
0x00007ffbc64d0000 - 0x00007ffbc6606000 	C:\Windows\system32\RPCRT4.dll
0x00007ffbc4340000 - 0x00007ffbc4485000 	C:\Windows\system32\GDI32.dll
0x00007ffbc4680000 - 0x00007ffbc46b4000 	C:\Windows\system32\IMM32.DLL
0x00007ffbc4540000 - 0x00007ffbc4679000 	C:\Windows\system32\MSCTF.dll
0x000000005e0d0000 - 0x000000005e1a2000 	C:\Program Files\Java\jre7\bin\msvcr100.dll
0x000000005d900000 - 0x000000005e0c9000 	C:\Program Files\Java\jre7\bin\server\jvm.dll
0x00007ffbbecc0000 - 0x00007ffbbecc9000 	C:\Windows\SYSTEM32\WSOCK32.dll
0x00007ffbb89f0000 - 0x00007ffbb8a0f000 	C:\Windows\SYSTEM32\WINMM.dll
0x00007ffbc64c0000 - 0x00007ffbc64c7000 	C:\Windows\system32\PSAPI.DLL
0x00007ffbc68b0000 - 0x00007ffbc6908000 	C:\Windows\system32\WS2_32.dll
0x00007ffbb7930000 - 0x00007ffbb795a000 	C:\Windows\SYSTEM32\WINMMBASE.dll
0x00007ffbc64b0000 - 0x00007ffbc64b9000 	C:\Windows\system32\NSI.dll
0x00007ffbc4180000 - 0x00007ffbc41ca000 	C:\Windows\SYSTEM32\cfgmgr32.dll
0x00007ffbc2200000 - 0x00007ffbc2226000 	C:\Windows\SYSTEM32\DEVOBJ.dll
0x000000005ed60000 - 0x000000005ed6f000 	C:\Program Files\Java\jre7\bin\verify.dll
0x000000005ed30000 - 0x000000005ed58000 	C:\Program Files\Java\jre7\bin\java.dll
0x000000005d8c0000 - 0x000000005d8f5000 	C:\Program Files\Java\jre7\bin\jdwp.dll
0x000000005ed20000 - 0x000000005ed28000 	C:\Program Files\Java\jre7\bin\npt.dll
0x000000005d8a0000 - 0x000000005d8b5000 	C:\Program Files\Java\jre7\bin\zip.dll
0x000000005d890000 - 0x000000005d899000 	C:\Program Files\Java\jre7\bin\dt_socket.dll
0x00007ffbb8890000 - 0x00007ffbb88a4000 	C:\Windows\system32\napinsp.dll
0x00007ffbb88b0000 - 0x00007ffbb88c9000 	C:\Windows\system32\pnrpnsp.dll
0x00007ffbc0db0000 - 0x00007ffbc0dc9000 	C:\Windows\system32\NLAapi.dll
0x00007ffbc32d0000 - 0x00007ffbc3328000 	C:\Windows\System32\mswsock.dll
0x00007ffbc30e0000 - 0x00007ffbc3183000 	C:\Windows\SYSTEM32\DNSAPI.dll
0x00007ffbb88d0000 - 0x00007ffbb88dc000 	C:\Windows\System32\winrnr.dll
0x00007ffbbe760000 - 0x00007ffbbe7c7000 	C:\Windows\System32\fwpuclnt.dll
0x00007ffbbcbe0000 - 0x00007ffbbcbe9000 	C:\Windows\System32\rasadhlp.dll
0x000000005d6f0000 - 0x000000005d885000 	C:\Program Files\Java\jre7\bin\awt.dll
0x00007ffbc67f0000 - 0x00007ffbc68a7000 	C:\Windows\system32\OLEAUT32.dll
0x00007ffbc4900000 - 0x00007ffbc4ad7000 	C:\Windows\system32\combase.dll
0x00007ffbc2080000 - 0x00007ffbc21a2000 	C:\Windows\system32\uxtheme.dll
0x00007ffbc16e0000 - 0x00007ffbc1701000 	C:\Windows\system32\dwmapi.dll
0x00007ffbc4780000 - 0x00007ffbc48f5000 	C:\Windows\system32\ole32.dll
0x00007ffbc2250000 - 0x00007ffbc225a000 	C:\Windows\SYSTEM32\kernel.appcore.dll
0x00007ffbc3d10000 - 0x00007ffbc3d1a000 	C:\Windows\SYSTEM32\CRYPTBASE.dll
0x00007ffbc3cb0000 - 0x00007ffbc3d0e000 	C:\Windows\SYSTEM32\bcryptPrimitives.dll
0x000000005d6d0000 - 0x000000005d6e9000 	C:\Program Files\Java\jre7\bin\net.dll
0x000000005d6b0000 - 0x000000005d6c1000 	C:\Program Files\Java\jre7\bin\nio.dll
0x00007ffbc0ac0000 - 0x00007ffbc0ae9000 	C:\Windows\SYSTEM32\IPHLPAPI.DLL
0x00007ffbc0dd0000 - 0x00007ffbc0dda000 	C:\Windows\SYSTEM32\WINNSI.DLL
0x00007ffbc4ae0000 - 0x00007ffbc5eee000 	C:\Windows\system32\SHELL32.dll
0x00007ffbc66b0000 - 0x00007ffbc6701000 	C:\Windows\system32\SHLWAPI.dll
0x00007ffbc3460000 - 0x00007ffbc3501000 	C:\Windows\SYSTEM32\shcore.dll
0x00007ffbba0a0000 - 0x00007ffbba228000 	C:\Windows\SYSTEM32\dbghelp.dll

VM Arguments:
jvm_args: -agentlib:jdwp=transport=dt_socket,suspend=y,address=localhost:52275 -ea -Xmx512M -Dsun.io.useCanonCaches=false -Ddebug=true -DNOSECURITY=true -Dfile.encoding=Cp1252 
java_command: Main
Launcher Type: SUN_STANDARD

Environment Variables:
PATH=C:/Program Files (x86)/Java/jre7/bin/client;C:/Program Files (x86)/Java/jre7/bin;C:/Program Files (x86)/Java/jre7/lib/i386;C:\Windows\system32;C:\Windows;C:\Windows\System32\Wbem;C:\Windows\System32\WindowsPowerShell\v1.0\;C:\Program Files (x86)\ATI Technologies\ATI.ACE\Core-Static;C:\Program Files (x86)\Windows Kits\8.1\Windows Performance Toolkit\;C:\Program Files\Microsoft SQL Server\110\Tools\Binn\;C:\Program Files (x86)\Git\cmd;C:\Program Files\Eclipse;
USERNAME=atyndall
OS=Windows_NT
PROCESSOR_IDENTIFIER=AMD64 Family 16 Model 5 Stepping 2, AuthenticAMD



---------------  S Y S T E M  ---------------

OS: Windows 8 , 64 bit Build 9200 

CPU:total 4 (4 cores per cpu, 1 threads per core) family 16 model 5 stepping 2, cmov, cx8, fxsr, mmx, sse, sse2, sse3, popcnt, mmxext, 3dnowpref, lzcnt, sse4a, tsc, tscinvbit, tscinv

Memory: 4k page, physical 8350144k(4596272k free), swap 16738752k(11292732k free)

vm_info: Java HotSpot(TM) 64-Bit Server VM (24.45-b08) for windows-amd64 JRE (1.7.0_45-b18), built on Oct  8 2013 05:47:22 by "java_re" with unknown MS VC++:1600

time: Mon Oct 28 11:07:43 2013
elapsed time: 1039 seconds

